<?xml version="1.0" encoding="UTF-8"?>
<!-- Generated by org.testng.reporters.JUnitReportReporter -->
<testsuite skipped="0" hostname="DESKTOP-60TM03E" name="TestScripts.TestClass" tests="1" failures="0" timestamp="2021-09-15T20:54:55 EDT" time="5.527" errors="0">
  <testcase name="test" time="5.527" classname="TestScripts.TestClass"/>
  <system-out/>
</testsuite> <!-- TestScripts.TestClass -->
